TN:
SF:app.js
FNF:0
FNH:0
DA:1,2
DA:2,2
DA:4,2
DA:5,2
DA:6,2
DA:9,2
DA:11,2
LF:7
LH:7
BRF:0
BRH:0
end_of_record
TN:
SF:functions.js
FN:4,(anonymous_0)
FN:5,(anonymous_1)
FN:6,(anonymous_2)
FN:7,(anonymous_3)
FN:12,(anonymous_4)
FN:15,(anonymous_5)
FN:16,(anonymous_6)
FNF:7
FNH:6
FNDA:2,(anonymous_0)
FNDA:1,(anonymous_1)
FNDA:1,(anonymous_2)
FNDA:1,(anonymous_3)
FNDA:2,(anonymous_4)
FNDA:2,(anonymous_5)
FNDA:0,(anonymous_6)
DA:1,1
DA:3,1
DA:4,2
DA:5,1
DA:6,1
DA:8,1
DA:9,1
DA:10,1
DA:13,2
DA:15,2
DA:16,0
DA:19,1
LF:12
LH:11
BRF:0
BRH:0
end_of_record
TN:
SF:controllers/user_controller.js
FN:6,(anonymous_0)
FN:28,(anonymous_1)
FN:44,(anonymous_2)
FN:51,(anonymous_3)
FN:54,(anonymous_4)
FN:62,(anonymous_5)
FN:65,(anonymous_6)
FN:68,(anonymous_7)
FN:76,(anonymous_8)
FN:79,(anonymous_9)
FN:80,(anonymous_10)
FNF:11
FNH:8
FNDA:1,(anonymous_0)
FNDA:1,(anonymous_1)
FNDA:1,(anonymous_2)
FNDA:1,(anonymous_3)
FNDA:0,(anonymous_4)
FNDA:1,(anonymous_5)
FNDA:1,(anonymous_6)
FNDA:0,(anonymous_7)
FNDA:1,(anonymous_8)
FNDA:1,(anonymous_9)
FNDA:0,(anonymous_10)
DA:1,2
DA:2,2
DA:3,2
DA:7,1
DA:8,1
DA:13,1
DA:14,1
DA:16,1
DA:24,0
DA:29,1
DA:30,1
DA:31,1
DA:32,1
DA:37,0
DA:40,0
DA:45,1
DA:52,1
DA:54,0
DA:56,1
DA:63,1
DA:66,1
DA:68,0
DA:70,1
DA:77,1
DA:79,1
DA:80,0
DA:82,1
DA:86,2
LF:28
LH:22
BRDA:31,0,0,1
BRDA:31,0,1,0
BRF:2
BRH:1
end_of_record
TN:
SF:db/db_manager.js
FN:4,(anonymous_0)
FN:10,(anonymous_1)
FN:14,(anonymous_2)
FN:21,(anonymous_3)
FNF:4
FNH:3
FNDA:1,(anonymous_0)
FNDA:1,(anonymous_1)
FNDA:1,(anonymous_2)
FNDA:0,(anonymous_3)
DA:1,1
DA:5,1
DA:6,1
DA:7,1
DA:11,1
DA:15,1
DA:16,1
DA:17,1
DA:22,0
DA:23,0
DA:25,0
DA:26,0
DA:32,1
LF:13
LH:9
BRDA:16,0,0,1
BRDA:16,0,1,0
BRDA:22,1,0,0
BRDA:22,1,1,0
BRF:4
BRH:1
end_of_record
TN:
SF:db/test_db_manager.js
FN:4,create
FNF:1
FNH:1
FNDA:1,create
DA:1,1
DA:2,1
DA:5,1
DA:6,1
DA:9,1
LF:5
LH:5
BRF:0
BRH:0
end_of_record
TN:
SF:models/User.js
FNF:0
FNH:0
DA:1,2
DA:3,2
DA:17,2
LF:3
LH:3
BRF:0
BRH:0
end_of_record
TN:
SF:routes/users.js
FNF:0
FNH:0
DA:1,2
DA:2,2
DA:3,2
DA:5,2
DA:7,2
DA:8,2
DA:9,2
DA:10,2
DA:11,2
DA:13,2
LF:10
LH:10
BRF:0
BRH:0
end_of_record
